2023-12-07T22:03:15.446+03:00  INFO 24808 --- [main] .c.CourseProjectNetologyApplicationTests : Starting CourseProjectNetologyApplicationTests using Java 17.0.7 with PID 24808 (started by Aleks in A:\java\courseProjectNetology\courseProjectNetology)
2023-12-07T22:03:15.453+03:00  INFO 24808 --- [main] .c.CourseProjectNetologyApplicationTests : No active profile set, falling back to 1 default profile: "default"
2023-12-07T22:03:16.234+03:00  INFO 24808 --- [main] .s.d.r.c.RepositoryConfigurationDelegate : Bootstrapping Spring Data JPA repositories in DEFAULT mode.
2023-12-07T22:03:16.313+03:00  INFO 24808 --- [main] .s.d.r.c.RepositoryConfigurationDelegate : Finished Spring Data repository scanning in 65 ms. Found 3 JPA repository interfaces.
2023-12-07T22:03:16.783+03:00  INFO 24808 --- [main] com.zaxxer.hikari.HikariDataSource       : HikariPool-1 - Starting...
2023-12-07T22:03:17.088+03:00  INFO 24808 --- [main] com.zaxxer.hikari.pool.HikariPool        : HikariPool-1 - Added connection org.postgresql.jdbc.PgConnection@3f9f8d23
2023-12-07T22:03:17.091+03:00  INFO 24808 --- [main] com.zaxxer.hikari.HikariDataSource       : HikariPool-1 - Start completed.
2023-12-07T22:03:17.150+03:00  INFO 24808 --- [main] o.hibernate.jpa.internal.util.LogHelper  : HHH000204: Processing PersistenceUnitInfo [name: default]
2023-12-07T22:03:17.231+03:00  INFO 24808 --- [main] org.hibernate.Version                    : HHH000412: Hibernate ORM core version 6.2.13.Final
2023-12-07T22:03:17.233+03:00  INFO 24808 --- [main] org.hibernate.cfg.Environment            : HHH000406: Using bytecode reflection optimizer
2023-12-07T22:03:17.430+03:00  INFO 24808 --- [main] o.s.o.j.p.SpringPersistenceUnitInfo      : No LoadTimeWeaver setup: ignoring JPA class transformer
2023-12-07T22:03:18.454+03:00  INFO 24808 --- [main] o.h.e.t.j.p.i.JtaPlatformInitiator       : HHH000489: No JTA platform available (set 'hibernate.transaction.jta.platform' to enable JTA platform integration)
2023-12-07T22:03:18.545+03:00  INFO 24808 --- [main] j.LocalContainerEntityManagerFactoryBean : Initialized JPA EntityManagerFactory for persistence unit 'default'
2023-12-07T22:03:19.087+03:00  WARN 24808 --- [main] JpaBaseConfiguration$JpaWebConfiguration : spring.jpa.open-in-view is enabled by default. Therefore, database queries may be performed during view rendering. Explicitly configure spring.jpa.open-in-view to disable this warning
2023-12-07T22:03:19.435+03:00  INFO 24808 --- [main] o.s.s.web.DefaultSecurityFilterChain     : Will secure any request with [org.springframework.security.web.session.DisableEncodeUrlFilter@46c093b4, org.springframework.security.web.context.request.async.WebAsyncManagerIntegrationFilter@4ff00844, org.springframework.security.web.context.SecurityContextHolderFilter@1e9e4468, org.springframework.security.web.header.HeaderWriterFilter@52c2d1e8, org.springframework.web.filter.CorsFilter@20ee660b, org.springframework.security.web.authentication.logout.LogoutFilter@5d2bfc9f, com.example.courseprojectnetology.security.jwtMy.token.JWTTokenFilter@40e41f88, org.springframework.security.web.savedrequest.RequestCacheAwareFilter@117be84a, org.springframework.security.web.servletapi.SecurityContextHolderAwareRequestFilter@16718e1b, org.springframework.security.web.authentication.AnonymousAuthenticationFilter@27b7913, org.springframework.security.web.session.SessionManagementFilter@3e5febe9, org.springframework.security.web.access.ExceptionTranslationFilter@1d160161, org.springframework.security.web.access.intercept.AuthorizationFilter@37806ccb]
2023-12-07T22:03:19.748+03:00  INFO 24808 --- [main] .c.CourseProjectNetologyApplicationTests : Started CourseProjectNetologyApplicationTests in 4.696 seconds (process running for 7.102)
2023-12-07T22:03:19.819+03:00  INFO 24808 --- [SpringApplicationShutdownHook] j.LocalContainerEntityManagerFactoryBean : Closing JPA EntityManagerFactory for persistence unit 'default'
2023-12-07T22:03:19.821+03:00  INFO 24808 --- [SpringApplicationShutdownHook] com.zaxxer.hikari.HikariDataSource       : HikariPool-1 - Shutdown initiated...
2023-12-07T22:03:19.827+03:00  INFO 24808 --- [SpringApplicationShutdownHook] com.zaxxer.hikari.HikariDataSource       : HikariPool-1 - Shutdown completed.
2023-12-07T22:03:29.000+03:00  INFO 14416 --- [main] .c.CourseProjectNetologyApplicationTests : Starting CourseProjectNetologyApplicationTests using Java 17.0.7 with PID 14416 (started by Aleks in A:\java\courseProjectNetology\courseProjectNetology)
2023-12-07T22:03:29.002+03:00  INFO 14416 --- [main] .c.CourseProjectNetologyApplicationTests : No active profile set, falling back to 1 default profile: "default"
2023-12-07T22:03:29.735+03:00  INFO 14416 --- [main] .s.d.r.c.RepositoryConfigurationDelegate : Bootstrapping Spring Data JPA repositories in DEFAULT mode.
2023-12-07T22:03:29.822+03:00  INFO 14416 --- [main] .s.d.r.c.RepositoryConfigurationDelegate : Finished Spring Data repository scanning in 74 ms. Found 3 JPA repository interfaces.
2023-12-07T22:03:30.342+03:00  INFO 14416 --- [main] com.zaxxer.hikari.HikariDataSource       : HikariPool-1 - Starting...
2023-12-07T22:03:30.614+03:00  INFO 14416 --- [main] com.zaxxer.hikari.pool.HikariPool        : HikariPool-1 - Added connection org.postgresql.jdbc.PgConnection@17136390
2023-12-07T22:03:30.617+03:00  INFO 14416 --- [main] com.zaxxer.hikari.HikariDataSource       : HikariPool-1 - Start completed.
2023-12-07T22:03:30.699+03:00  INFO 14416 --- [main] o.hibernate.jpa.internal.util.LogHelper  : HHH000204: Processing PersistenceUnitInfo [name: default]
2023-12-07T22:03:30.782+03:00  INFO 14416 --- [main] org.hibernate.Version                    : HHH000412: Hibernate ORM core version 6.2.13.Final
2023-12-07T22:03:30.785+03:00  INFO 14416 --- [main] org.hibernate.cfg.Environment            : HHH000406: Using bytecode reflection optimizer
2023-12-07T22:03:31.018+03:00  INFO 14416 --- [main] o.s.o.j.p.SpringPersistenceUnitInfo      : No LoadTimeWeaver setup: ignoring JPA class transformer
2023-12-07T22:03:32.073+03:00  INFO 14416 --- [main] o.h.e.t.j.p.i.JtaPlatformInitiator       : HHH000489: No JTA platform available (set 'hibernate.transaction.jta.platform' to enable JTA platform integration)
2023-12-07T22:03:32.161+03:00  INFO 14416 --- [main] j.LocalContainerEntityManagerFactoryBean : Initialized JPA EntityManagerFactory for persistence unit 'default'
2023-12-07T22:03:32.697+03:00  WARN 14416 --- [main] JpaBaseConfiguration$JpaWebConfiguration : spring.jpa.open-in-view is enabled by default. Therefore, database queries may be performed during view rendering. Explicitly configure spring.jpa.open-in-view to disable this warning
2023-12-07T22:03:33.059+03:00  INFO 14416 --- [main] o.s.s.web.DefaultSecurityFilterChain     : Will secure any request with [org.springframework.security.web.session.DisableEncodeUrlFilter@4e797a39, org.springframework.security.web.context.request.async.WebAsyncManagerIntegrationFilter@41d6d6c4, org.springframework.security.web.context.SecurityContextHolderFilter@7ec5d3e1, org.springframework.security.web.header.HeaderWriterFilter@17d25e1d, org.springframework.web.filter.CorsFilter@4349389d, org.springframework.security.web.authentication.logout.LogoutFilter@4fcb796f, com.example.courseprojectnetology.security.jwtMy.token.JWTTokenFilter@147203c2, org.springframework.security.web.savedrequest.RequestCacheAwareFilter@3ddc5a75, org.springframework.security.web.servletapi.SecurityContextHolderAwareRequestFilter@15c8b75c, org.springframework.security.web.authentication.AnonymousAuthenticationFilter@11df0bc7, org.springframework.security.web.session.SessionManagementFilter@14aa2123, org.springframework.security.web.access.ExceptionTranslationFilter@1ae2028d, org.springframework.security.web.access.intercept.AuthorizationFilter@a15e3c1]
2023-12-07T22:03:33.415+03:00  INFO 14416 --- [main] .c.CourseProjectNetologyApplicationTests : Started CourseProjectNetologyApplicationTests in 4.779 seconds (process running for 7.446)
2023-12-07T22:07:56.587+03:00  WARN 14416 --- [HikariPool-1 housekeeper] com.zaxxer.hikari.pool.HikariPool        : HikariPool-1 - Thread starvation or clock leap detected (housekeeper delta=4m25s866ms330µs300ns).
2023-12-07T22:07:56.612+03:00  INFO 14416 --- [SpringApplicationShutdownHook] j.LocalContainerEntityManagerFactoryBean : Closing JPA EntityManagerFactory for persistence unit 'default'
2023-12-07T22:07:56.614+03:00  INFO 14416 --- [SpringApplicationShutdownHook] com.zaxxer.hikari.HikariDataSource       : HikariPool-1 - Shutdown initiated...
2023-12-07T22:07:56.621+03:00  INFO 14416 --- [SpringApplicationShutdownHook] com.zaxxer.hikari.HikariDataSource       : HikariPool-1 - Shutdown completed.
2023-12-07T22:08:01.398+03:00  INFO 14996 --- [main] .c.CourseProjectNetologyApplicationTests : Starting CourseProjectNetologyApplicationTests using Java 17.0.7 with PID 14996 (started by Aleks in A:\java\courseProjectNetology\courseProjectNetology)
2023-12-07T22:08:01.401+03:00  INFO 14996 --- [main] .c.CourseProjectNetologyApplicationTests : No active profile set, falling back to 1 default profile: "default"
2023-12-07T22:08:02.084+03:00  INFO 14996 --- [main] .s.d.r.c.RepositoryConfigurationDelegate : Bootstrapping Spring Data JPA repositories in DEFAULT mode.
2023-12-07T22:08:02.167+03:00  INFO 14996 --- [main] .s.d.r.c.RepositoryConfigurationDelegate : Finished Spring Data repository scanning in 72 ms. Found 3 JPA repository interfaces.
2023-12-07T22:08:02.652+03:00  INFO 14996 --- [main] com.zaxxer.hikari.HikariDataSource       : HikariPool-1 - Starting...
2023-12-07T22:08:03.040+03:00  INFO 14996 --- [main] com.zaxxer.hikari.pool.HikariPool        : HikariPool-1 - Added connection org.postgresql.jdbc.PgConnection@1d6a8386
2023-12-07T22:08:03.042+03:00  INFO 14996 --- [main] com.zaxxer.hikari.HikariDataSource       : HikariPool-1 - Start completed.
2023-12-07T22:08:03.096+03:00  INFO 14996 --- [main] o.hibernate.jpa.internal.util.LogHelper  : HHH000204: Processing PersistenceUnitInfo [name: default]
2023-12-07T22:08:03.156+03:00  INFO 14996 --- [main] org.hibernate.Version                    : HHH000412: Hibernate ORM core version 6.2.13.Final
2023-12-07T22:08:03.159+03:00  INFO 14996 --- [main] org.hibernate.cfg.Environment            : HHH000406: Using bytecode reflection optimizer
2023-12-07T22:08:03.491+03:00  INFO 14996 --- [main] o.s.o.j.p.SpringPersistenceUnitInfo      : No LoadTimeWeaver setup: ignoring JPA class transformer
2023-12-07T22:08:04.641+03:00  INFO 14996 --- [main] o.h.e.t.j.p.i.JtaPlatformInitiator       : HHH000489: No JTA platform available (set 'hibernate.transaction.jta.platform' to enable JTA platform integration)
2023-12-07T22:08:04.718+03:00  INFO 14996 --- [main] j.LocalContainerEntityManagerFactoryBean : Initialized JPA EntityManagerFactory for persistence unit 'default'
2023-12-07T22:08:05.224+03:00  WARN 14996 --- [main] JpaBaseConfiguration$JpaWebConfiguration : spring.jpa.open-in-view is enabled by default. Therefore, database queries may be performed during view rendering. Explicitly configure spring.jpa.open-in-view to disable this warning
2023-12-07T22:08:05.542+03:00  INFO 14996 --- [main] o.s.s.web.DefaultSecurityFilterChain     : Will secure any request with [org.springframework.security.web.session.DisableEncodeUrlFilter@255482cb, org.springframework.security.web.context.request.async.WebAsyncManagerIntegrationFilter@40ecead5, org.springframework.security.web.context.SecurityContextHolderFilter@35975b05, org.springframework.security.web.header.HeaderWriterFilter@6f9b5f01, org.springframework.web.filter.CorsFilter@641255d1, org.springframework.security.web.authentication.logout.LogoutFilter@35a2ea5a, com.example.courseprojectnetology.security.jwtMy.token.JWTTokenFilter@75d61b62, org.springframework.security.web.savedrequest.RequestCacheAwareFilter@6ba02f70, org.springframework.security.web.servletapi.SecurityContextHolderAwareRequestFilter@63c66980, org.springframework.security.web.authentication.AnonymousAuthenticationFilter@74159dc9, org.springframework.security.web.session.SessionManagementFilter@b1f36e5, org.springframework.security.web.access.ExceptionTranslationFilter@3fc2a1d1, org.springframework.security.web.access.intercept.AuthorizationFilter@12d8e6b6]
2023-12-07T22:08:05.824+03:00  INFO 14996 --- [main] .c.CourseProjectNetologyApplicationTests : Started CourseProjectNetologyApplicationTests in 4.792 seconds (process running for 6.109)
2023-12-07T22:08:05.838+03:00  INFO 14996 --- [main] f.a.AutowiredAnnotationBeanPostProcessor : Autowired annotation is not supported on static fields: private static com.example.courseprojectnetology.repository.FileRepository com.example.courseprojectnetology.CourseProjectNetologyApplicationTests.fileRepository
2023-12-07T22:08:19.325+03:00  INFO 14996 --- [SpringApplicationShutdownHook] j.LocalContainerEntityManagerFactoryBean : Closing JPA EntityManagerFactory for persistence unit 'default'
2023-12-07T22:08:19.328+03:00  INFO 14996 --- [SpringApplicationShutdownHook] com.zaxxer.hikari.HikariDataSource       : HikariPool-1 - Shutdown initiated...
2023-12-07T22:08:19.334+03:00  INFO 14996 --- [SpringApplicationShutdownHook] com.zaxxer.hikari.HikariDataSource       : HikariPool-1 - Shutdown completed.
